2026-02-11 11:06:05,021 INFO root GET Version API
2026-02-11 11:06:19,097 INFO root POST Version API
2026-02-11 11:12:26,989 INFO root PUT Version API
2026-02-11 11:12:37,197 INFO root DELETE BULK Version API
2026-02-11 11:13:43,536 INFO root GET Version API
2026-02-11 11:13:49,527 INFO root POST Version API
2026-02-11 11:14:06,800 INFO root GET Version API
2026-02-11 11:14:15,539 INFO root GET Version API
2026-02-11 11:14:15,541 ERROR root Version not found
2026-02-11 11:14:20,214 INFO root GET Version API
2026-02-11 11:14:20,215 ERROR root Version not found
2026-02-11 11:14:25,314 INFO root GET Version API
2026-02-11 11:16:59,379 INFO root GET Languages API
2026-02-11 11:17:14,337 INFO root POST Languages API
2026-02-11 11:17:32,170 INFO root PUT Languages API
2026-02-11 11:17:52,084 INFO root GET Languages API
2026-02-11 11:17:52,098 ERROR root Language ID or Language doesn't exist
2026-02-11 11:18:01,331 INFO root GET Languages API
2026-02-11 11:18:23,034 INFO root DELETE BULK Language API
2026-02-11 11:19:13,177 INFO root GET License API
2026-02-11 11:19:20,171 INFO root GET License API
2026-02-11 11:20:23,254 INFO root GET License API
2026-02-11 11:20:24,660 INFO root GET License API
2026-02-11 11:20:33,583 INFO root POST License API
2026-02-11 11:20:42,044 INFO root PUT License API
2026-02-11 11:20:53,614 INFO root GET License API
2026-02-11 11:20:56,707 INFO root GET License API
2026-02-11 11:24:33,197 INFO root DELETE BULK License API
2026-02-11 11:24:56,035 INFO root GET Resource API
2026-02-11 11:26:25,353 INFO root POST Resource API
2026-02-11 11:26:32,457 INFO root POST Resource API
2026-02-11 11:27:06,667 INFO root POST Resource API
2026-02-11 11:27:18,364 INFO root PUT Resource API
2026-02-11 11:27:59,703 INFO root PUT Resource API
2026-02-11 11:29:12,886 INFO root PUT Resource API
2026-02-11 11:30:00,229 INFO root DELETE BULK Resource API
2026-02-11 11:30:05,507 INFO root DELETE BULK Resource API
2026-02-11 15:47:15,019 INFO root GET Languages API
2026-02-11 15:47:22,481 INFO root GET Languages API
2026-02-11 15:47:39,543 INFO root GET Languages API
2026-02-11 15:47:56,885 INFO root GET Languages API
2026-02-11 15:48:49,629 INFO root GET Languages API
2026-02-11 15:49:10,761 INFO root POST Languages API
2026-02-11 15:49:18,712 INFO root POST Languages API
2026-02-11 15:49:18,733 INFO root GET Languages API
2026-02-11 15:49:23,260 INFO root GET Languages API
2026-02-11 15:49:23,934 INFO root GET Languages API
2026-02-11 15:49:24,360 INFO root GET Languages API
2026-02-11 15:49:28,232 INFO root GET Languages API
2026-02-11 15:51:26,170 INFO root GET Version API
2026-02-11 15:51:51,277 INFO root POST Version API
2026-02-11 15:51:51,317 INFO root GET Version API
2026-02-11 15:53:35,138 INFO root GET Languages API
2026-02-11 15:53:39,760 INFO root GET Languages API
2026-02-11 16:02:06,072 INFO root GET Languages API
2026-02-11 16:02:35,230 INFO root GET Languages API
2026-02-11 16:03:53,761 INFO root GET Languages API
2026-02-11 16:04:29,530 INFO root GET License API
2026-02-11 16:06:48,779 INFO root GET Languages API
2026-02-11 16:12:05,240 INFO root GET Languages API
2026-02-11 16:12:06,156 INFO root GET Languages API
2026-02-11 16:21:44,576 INFO root GET License API
2026-02-11 16:21:44,579 INFO root GET Version API
2026-02-11 16:21:44,584 INFO root GET Languages API
2026-02-11 16:21:52,467 INFO root GET Languages API
2026-02-11 16:21:58,758 INFO root GET Languages API
2026-02-11 16:22:08,811 INFO root GET Languages API
2026-02-11 16:22:30,285 INFO root POST Resource API
2026-02-11 16:22:35,088 INFO root GET Languages API
2026-02-11 16:23:39,863 INFO root GET Languages API
2026-02-11 16:23:43,741 INFO root GET Languages API
2026-02-11 16:23:45,944 INFO root GET Languages API
2026-02-11 16:23:54,632 INFO root GET License API
2026-02-11 16:23:54,634 INFO root GET Version API
2026-02-11 16:23:54,637 INFO root GET Languages API
2026-02-11 16:24:56,817 INFO root GET License API
2026-02-11 16:24:56,820 INFO root GET Version API
2026-02-11 16:24:56,822 INFO root GET Languages API
2026-02-11 16:29:13,015 INFO root GET License API
2026-02-11 16:29:13,018 INFO root GET Version API
2026-02-11 16:29:13,021 INFO root GET Languages API
2026-02-11 16:30:59,309 INFO root GET Languages API
2026-02-11 16:31:01,074 INFO root GET Languages API
2026-02-11 16:31:04,301 INFO root GET Languages API
2026-02-11 16:31:17,190 INFO root GET Languages API
2026-02-11 16:31:19,408 INFO root GET Languages API
2026-02-11 16:32:07,245 INFO root GET Languages API
2026-02-11 16:32:08,545 INFO root GET Languages API
2026-02-11 16:33:18,202 INFO root GET Languages API
2026-02-11 16:33:30,781 INFO root GET Languages API
2026-02-11 16:34:11,521 INFO root GET Languages API
2026-02-11 16:34:26,391 INFO root GET Languages API
2026-02-11 16:34:29,059 INFO root GET Languages API
2026-02-11 16:34:43,620 INFO root GET Languages API
2026-02-11 16:35:36,963 INFO root GET Languages API
2026-02-11 16:35:47,996 INFO root GET Languages API
2026-02-11 16:35:56,216 INFO root GET Languages API
2026-02-11 16:35:59,703 INFO root GET Languages API
2026-02-11 16:36:24,498 INFO root GET Languages API
2026-02-11 16:36:26,502 INFO root GET Languages API
2026-02-11 16:36:28,327 INFO root GET Languages API
2026-02-11 16:36:30,832 INFO root GET Languages API
2026-02-11 16:36:34,325 INFO root GET Languages API
2026-02-11 16:36:52,715 INFO root GET Languages API
2026-02-11 16:42:48,167 INFO root GET License API
2026-02-11 16:42:48,173 INFO root GET Version API
2026-02-11 16:42:48,175 INFO root GET Languages API
2026-02-11 16:42:51,587 INFO root GET Languages API
2026-02-11 16:43:02,016 INFO root GET Languages API
2026-02-11 16:43:05,241 INFO root GET Languages API
2026-02-11 16:43:05,312 INFO root GET Languages API
2026-02-11 16:43:07,612 INFO root GET Languages API
2026-02-11 16:43:07,730 INFO root GET Languages API
2026-02-11 16:43:10,437 INFO root GET Languages API
2026-02-11 16:43:10,507 INFO root GET Languages API
2026-02-11 16:43:18,860 INFO root GET Languages API
2026-02-11 16:43:36,371 INFO root POST Resource API
2026-02-11 16:43:39,999 INFO root GET Languages API
2026-02-11 16:43:40,139 INFO root GET Languages API
2026-02-11 16:55:12,048 INFO root GET Languages API
2026-02-11 16:55:12,063 INFO root GET Languages API
2026-02-11 16:55:14,004 INFO root GET Languages API
2026-02-11 16:55:14,014 INFO root GET Languages API
2026-02-11 16:55:24,000 INFO root GET Languages API
2026-02-11 16:55:24,006 INFO root GET Languages API
2026-02-11 16:58:16,051 INFO root GET Languages API
2026-02-11 16:58:16,064 INFO root GET Languages API
2026-02-11 16:58:25,025 INFO root GET Languages API
2026-02-11 16:58:25,031 INFO root GET Languages API
2026-02-11 16:58:27,000 INFO root GET Languages API
2026-02-11 16:58:27,010 INFO root GET Languages API
2026-02-11 17:04:04,368 INFO root GET Languages API
2026-02-11 17:04:10,647 INFO root GET Languages API
2026-02-11 17:04:10,662 ERROR root Language ID or Language doesn't exist
2026-02-11 17:04:17,428 INFO root GET Languages API
2026-02-11 17:04:17,446 ERROR root Language ID or Language doesn't exist
2026-02-11 17:04:22,033 INFO root GET Languages API
2026-02-11 17:04:26,146 INFO root GET Languages API
2026-02-11 17:04:26,648 INFO root GET Languages API
2026-02-11 17:04:27,741 INFO root GET Languages API
2026-02-11 17:04:27,760 ERROR root Language ID or Language doesn't exist
2026-02-11 17:04:28,164 INFO root GET Languages API
2026-02-11 17:04:28,187 ERROR root Language ID or Language doesn't exist
2026-02-11 17:04:30,081 INFO root GET Languages API
2026-02-11 17:04:30,102 ERROR root Language ID or Language doesn't exist
2026-02-11 17:04:30,517 INFO root GET Languages API
2026-02-11 17:04:43,635 INFO root PUT Languages API
2026-02-11 17:04:43,663 INFO root GET Languages API
2026-02-11 17:04:43,688 INFO root GET Languages API
2026-02-11 17:04:48,308 INFO root GET Languages API
2026-02-11 17:04:51,841 INFO root GET Languages API
2026-02-11 17:04:54,560 INFO root GET Languages API
2026-02-11 17:04:55,292 INFO root GET Languages API
2026-02-11 17:04:58,840 INFO root DELETE BULK Language API
2026-02-11 17:04:58,860 INFO root GET Languages API
2026-02-11 17:04:58,884 ERROR root Language ID or Language doesn't exist
2026-02-11 17:04:58,886 INFO root GET Languages API
2026-02-11 17:05:01,787 INFO root GET Languages API
2026-02-11 17:05:22,272 INFO root POST Version API
2026-02-11 17:05:22,291 INFO root GET Version API
2026-02-11 17:05:38,400 INFO root DELETE BULK Version API
2026-02-11 17:05:45,911 INFO root DELETE BULK Version API
2026-02-11 17:05:45,935 INFO root GET Version API
2026-02-11 17:06:06,800 INFO root POST License API
2026-02-11 17:06:06,828 INFO root GET License API
2026-02-11 17:06:13,883 INFO root PUT License API
2026-02-11 17:06:13,907 INFO root GET License API
2026-02-11 17:06:18,499 INFO root DELETE BULK License API
2026-02-11 17:06:18,516 INFO root GET License API
2026-02-11 17:06:22,671 INFO root GET Languages API
